<?xml version="1.0" encoding="UTF-8"?>
<!-- Generated by org.testng.reporters.JUnitReportReporter -->
<testsuite hostname="loadrunner-PC" name="pom.POM12" tests="1" failures="0" timestamp="27 Sep 2016 04:37:29 GMT" time="15.793" errors="0">
  <testcase name="f" time="15.793" classname="pom.POM12"/>
</testsuite> <!-- pom.POM12 -->
