<?xml version="1.0" encoding="UTF-8"?>
<!-- Generated by org.testng.reporters.JUnitReportReporter -->
<testsuite hostname="loadrunner-PC" name="sample_pck.NewTest" tests="1" failures="0" timestamp="8 Dec 2015 07:13:22 GMT" time="0.000" errors="0">
  <testcase name="f" time="0.000" classname="sample_pck.NewTest"/>
</testsuite> <!-- sample_pck.NewTest -->
