<?xml version="1.0" encoding="UTF-8"?>
<!-- Generated by org.testng.reporters.JUnitReportReporter -->
<testsuite hostname="loadrunner-PC" name="grid.Grid1" tests="2" failures="0" timestamp="28 Sep 2016 04:57:08 GMT" time="27.002" errors="0">
  <testcase name="sample" time="12.206" classname="grid.Grid1"/>
  <testcase name="sample" time="14.796" classname="grid.Grid1"/>
</testsuite> <!-- grid.Grid1 -->
