<?xml version="1.0" encoding="UTF-8"?>
<!-- Generated by org.testng.reporters.JUnitReportReporter -->
<testsuite hostname="loadrunner-PC" name="excel.LoginusingKeywords" tests="1" failures="0" timestamp="26 Sep 2016 04:59:46 GMT" time="9.611" errors="0">
  <testcase name="loginTest" time="9.611" classname="excel.LoginusingKeywords"/>
</testsuite> <!-- excel.LoginusingKeywords -->
